[
  {
    "description": "\tAs a customer, I want to test the product detail page functionalities on TF - Desktop",
    "keyword": "Feature",
    "name": "Product Detail Page tests TF - Desktop",
    "line": 2,
    "id": "product-detail-page-tests-tf---desktop",
    "tags": [
      {
        "name": "@PdpTest",
        "line": 1
      },
      {
        "name": "@Desktop",
        "line": 1
      },
      {
        "name": "@RegressionTest",
        "line": 1
      }
    ],
    "uri": "Desktop_Pdp.feature",
    "elements": [
      {
        "id": "product-detail-page-tests-tf---desktop;at-desktop-validate-price-block",
        "keyword": "Scenario",
        "line": 12,
        "name": "At Desktop validate price block",
        "tags": [
          {
            "name": "@PdpTest",
            "line": 1
          },
          {
            "name": "@Desktop",
            "line": 1
          },
          {
            "name": "@RegressionTest",
            "line": 1
          },
          {
            "name": "@Pdp",
            "line": 11
          },
          {
            "name": "@Desktop",
            "line": 11
          }
        ],
        "type": "scenario",
        "steps": [
          {
            "arguments": [],
            "keyword": "Given ",
            "line": 6,
            "name": "At Desktop",
            "result": {
              "status": "passed",
              "duration": 3603000000
            }
          },
          {
            "arguments": [],
            "keyword": "And ",
            "line": 7,
            "name": "I'm on the product detail page",
            "result": {
              "status": "failed",
              "duration": 23659000000,
              "error_message": "CypressError: `cy.visit()` failed trying to load:\n\nhttps://www.johnjohndenim.com.br/blusa-justa-franja-john-john-feminina-preto-11-04-4740/p\n\nWe attempted to make an http request to this URL but the request failed without a response.\n\nWe received this error at the network level:\n\n  > Error: connect ETIMEDOUT 92.123.2.18:443\n\nCommon situations why this would fail:\n  - you don't have internet access\n  - you forgot to run / boot your web server\n  - your web server isn't accessible\n  - you have weird network configuration settings on your computer\n    at <unknown> (https://www.johnjohndenim.com.br/__cypress/runner/cypress_runner.js:131065:74)\n    at visitFailedByErr (https://www.johnjohndenim.com.br/__cypress/runner/cypress_runner.js:130463:12)\n    at <unknown> (https://www.johnjohndenim.com.br/__cypress/runner/cypress_runner.js:131064:11)\n    at tryCatcher (https://www.johnjohndenim.com.br/__cypress/runner/cypress_runner.js:1807:23)\n    at Promise._settlePromiseFromHandler (https://www.johnjohndenim.com.br/__cypress/runner/cypress_runner.js:1519:31)\n    at Promise._settlePromise (https://www.johnjohndenim.com.br/__cypress/runner/cypress_runner.js:1576:18)\n    at Promise._settlePromise0 (https://www.johnjohndenim.com.br/__cypress/runner/cypress_runner.js:1621:10)\n    at Promise._settlePromises (https://www.johnjohndenim.com.br/__cypress/runner/cypress_runner.js:1697:18)\n    at <unknown> (https://www.johnjohndenim.com.br/__cypress/runner/cypress_runner.js:2392:25)\nFrom previous event:\n    at Promise.longStackTracesCaptureStackTrace [as _captureStackTrace] (https://www.johnjohndenim.com.br/__cypress/runner/cypress_runner.js:3486:19)\n    at Promise._then (https://www.johnjohndenim.com.br/__cypress/runner/cypress_runner.js:1239:17)\n    at Promise._passThrough (https://www.johnjohndenim.com.br/__cypress/runner/cypress_runner.js:4110:17)\n    at Promise.lastly.Promise.finally (https://www.johnjohndenim.com.br/__cypress/runner/cypress_runner.js:4119:17)\n    at Object.onRunnableRun (https://www.johnjohndenim.com.br/__cypress/runner/cypress_runner.js:163155:53)\n    at $Cypress.action (https://www.johnjohndenim.com.br/__cypress/runner/cypress_runner.js:41042:28)\n    at Runnable.run (https://www.johnjohndenim.com.br/__cypress/runner/cypress_runner.js:145743:13)\n    at next (https://www.johnjohndenim.com.br/__cypress/runner/cypress_runner.js:155528:10)\n    at <unknown> (https://www.johnjohndenim.com.br/__cypress/runner/cypress_runner.js:155572:5)\n    at timeslice (https://www.johnjohndenim.com.br/__cypress/runner/cypress_runner.js:146083:27)\nFrom Your Spec Code:\n    at PdpPage.urlPDP (cypress/support/pages/Pdp/index.js:8:7)\n    at Context.eval (cypress/support/steps/steps.js:147:10)\n    at Context.resolveAndRunStepDefinition (node_modules/cypress-cucumber-preprocessor/lib/resolveStepDefinition.js:193:0)\n    at Context.eval (node_modules/cypress-cucumber-preprocessor/lib/createTestFromScenario.js:27:0)\n\nFrom Node.js Internals:\n  Error: connect ETIMEDOUT 92.123.2.18:443\n      at TCPConnectWrap.afterConnect [as oncomplete] (node:net:1495:16)"
            }
          },
          {
            "arguments": [],
            "keyword": "When ",
            "line": 8,
            "name": "The page is full loaded",
            "result": {
              "status": "skipped"
            }
          },
          {
            "arguments": [],
            "keyword": "And ",
            "line": 9,
            "name": "I see the promocional modal",
            "result": {
              "status": "skipped"
            }
          },
          {
            "arguments": [],
            "keyword": "Then ",
            "line": 13,
            "name": "the product value is visible",
            "result": {
              "status": "skipped"
            }
          }
        ]
      },
      {
        "id": "product-detail-page-tests-tf---desktop;at-desktop-validate-product-image",
        "keyword": "Scenario",
        "line": 16,
        "name": "At Desktop validate product image",
        "tags": [
          {
            "name": "@PdpTest",
            "line": 1
          },
          {
            "name": "@Desktop",
            "line": 1
          },
          {
            "name": "@RegressionTest",
            "line": 1
          },
          {
            "name": "@Pdp",
            "line": 15
          },
          {
            "name": "@Desktop",
            "line": 15
          }
        ],
        "type": "scenario",
        "steps": [
          {
            "arguments": [],
            "keyword": "Given ",
            "line": 6,
            "name": "At Desktop",
            "result": {
              "status": "passed",
              "duration": 5198000000
            }
          },
          {
            "arguments": [],
            "keyword": "And ",
            "line": 7,
            "name": "I'm on the product detail page",
            "result": {
              "status": "passed",
              "duration": 14557000000
            }
          },
          {
            "arguments": [],
            "keyword": "When ",
            "line": 8,
            "name": "The page is full loaded",
            "result": {
              "status": "failed",
              "error_message": "AssertionError: Timed out retrying after 50000ms: Expected to find element: `.pr7 > .vtex-flex-layout-0-x-flexCol > .vtex-flex-layout-0-x-flexColChild > .vtex-button > .vtex-button__label`, but never found it.\n    at PdpPage.validateBtnAddToCart (cypress/support/pages/Pdp/index.js:80:35)\n    at Context.eval (cypress/support/steps/steps.js:407:10)\n    at Context.resolveAndRunStepDefinition (node_modules/cypress-cucumber-preprocessor/lib/resolveStepDefinition.js:193:0)\n    at Context.eval (node_modules/cypress-cucumber-preprocessor/lib/createTestFromScenario.js:27:0)"
            }
          },
          {
            "arguments": [],
            "keyword": "And ",
            "line": 9,
            "name": "I see the promocional modal",
            "result": {
              "status": "skipped"
            }
          },
          {
            "arguments": [],
            "keyword": "Then ",
            "line": 17,
            "name": "The product image should be displayed",
            "result": {
              "status": "skipped"
            }
          }
        ]
      },
      {
        "id": "product-detail-page-tests-tf---desktop;at-desktop-calculate-valid-shipping-in-the-product-page",
        "keyword": "Scenario",
        "line": 20,
        "name": "At Desktop Calculate valid shipping in the product page",
        "tags": [
          {
            "name": "@PdpTest",
            "line": 1
          },
          {
            "name": "@Desktop",
            "line": 1
          },
          {
            "name": "@RegressionTest",
            "line": 1
          },
          {
            "name": "@Pdp",
            "line": 19
          },
          {
            "name": "@Desktop",
            "line": 19
          }
        ],
        "type": "scenario",
        "steps": [
          {
            "arguments": [],
            "keyword": "Given ",
            "line": 6,
            "name": "At Desktop",
            "result": {
              "status": "passed",
              "duration": 6616000000
            }
          },
          {
            "arguments": [],
            "keyword": "And ",
            "line": 7,
            "name": "I'm on the product detail page",
            "result": {
              "status": "passed",
              "duration": 11182000000
            }
          },
          {
            "arguments": [],
            "keyword": "When ",
            "line": 8,
            "name": "The page is full loaded",
            "result": {
              "status": "failed",
              "error_message": "AssertionError: Timed out retrying after 50000ms: Expected to find element: `.pr7 > .vtex-flex-layout-0-x-flexCol > .vtex-flex-layout-0-x-flexColChild > .vtex-button > .vtex-button__label`, but never found it.\n    at PdpPage.validateBtnAddToCart (cypress/support/pages/Pdp/index.js:80:35)\n    at Context.eval (cypress/support/steps/steps.js:407:10)\n    at Context.resolveAndRunStepDefinition (node_modules/cypress-cucumber-preprocessor/lib/resolveStepDefinition.js:193:0)\n    at Context.eval (node_modules/cypress-cucumber-preprocessor/lib/createTestFromScenario.js:27:0)"
            }
          },
          {
            "arguments": [],
            "keyword": "And ",
            "line": 9,
            "name": "I see the promocional modal",
            "result": {
              "status": "skipped"
            }
          },
          {
            "arguments": [],
            "keyword": "And ",
            "line": 21,
            "name": "On the product page calculate valid shipping",
            "result": {
              "status": "skipped"
            }
          },
          {
            "arguments": [],
            "keyword": "Then ",
            "line": 22,
            "name": "The shipping table should be displayed",
            "result": {
              "status": "skipped"
            }
          }
        ]
      },
      {
        "id": "product-detail-page-tests-tf---desktop;at-desktop-calculate-invalid-shipping-in-the-product-page",
        "keyword": "Scenario",
        "line": 25,
        "name": "At Desktop Calculate invalid shipping in the product page",
        "tags": [
          {
            "name": "@PdpTest",
            "line": 1
          },
          {
            "name": "@Desktop",
            "line": 1
          },
          {
            "name": "@RegressionTest",
            "line": 1
          },
          {
            "name": "@Pdp",
            "line": 24
          },
          {
            "name": "@Desktop",
            "line": 24
          }
        ],
        "type": "scenario",
        "steps": [
          {
            "arguments": [],
            "keyword": "Given ",
            "line": 6,
            "name": "At Desktop",
            "result": {
              "status": "passed",
              "duration": 6467000000
            }
          },
          {
            "arguments": [],
            "keyword": "And ",
            "line": 7,
            "name": "I'm on the product detail page",
            "result": {
              "status": "passed",
              "duration": 12048000000
            }
          },
          {
            "arguments": [],
            "keyword": "When ",
            "line": 8,
            "name": "The page is full loaded",
            "result": {
              "status": "failed",
              "error_message": "AssertionError: Timed out retrying after 50000ms: Expected to find element: `.pr7 > .vtex-flex-layout-0-x-flexCol > .vtex-flex-layout-0-x-flexColChild > .vtex-button > .vtex-button__label`, but never found it.\n    at PdpPage.validateBtnAddToCart (cypress/support/pages/Pdp/index.js:80:35)\n    at Context.eval (cypress/support/steps/steps.js:407:10)\n    at Context.resolveAndRunStepDefinition (node_modules/cypress-cucumber-preprocessor/lib/resolveStepDefinition.js:193:0)\n    at Context.eval (node_modules/cypress-cucumber-preprocessor/lib/createTestFromScenario.js:27:0)"
            }
          },
          {
            "arguments": [],
            "keyword": "And ",
            "line": 9,
            "name": "I see the promocional modal",
            "result": {
              "status": "skipped"
            }
          },
          {
            "arguments": [],
            "keyword": "And ",
            "line": 26,
            "name": "On the product page calculate invalid shipping",
            "result": {
              "status": "skipped"
            }
          },
          {
            "arguments": [],
            "keyword": "Then ",
            "line": 27,
            "name": "The shipping table should not be displayed",
            "result": {
              "status": "skipped"
            }
          }
        ]
      },
      {
        "id": "product-detail-page-tests-tf---desktop;at-desktop-share-product",
        "keyword": "Scenario",
        "line": 32,
        "name": "At Desktop Share Product",
        "tags": [
          {
            "name": "@PdpTest",
            "line": 1
          },
          {
            "name": "@Desktop",
            "line": 1
          },
          {
            "name": "@RegressionTest",
            "line": 1
          },
          {
            "name": "@Pdp",
            "line": 31
          },
          {
            "name": "@Desktop",
            "line": 31
          }
        ],
        "type": "scenario",
        "steps": [
          {
            "arguments": [],
            "keyword": "Given ",
            "line": 6,
            "name": "At Desktop",
            "result": {
              "status": "passed",
              "duration": 6757000000
            }
          },
          {
            "arguments": [],
            "keyword": "And ",
            "line": 7,
            "name": "I'm on the product detail page",
            "result": {
              "status": "failed",
              "error_message": "CypressError: `cy.visit()` failed trying to load:\n\nhttps://www.johnjohndenim.com.br/blusa-justa-franja-john-john-feminina-preto-11-04-4740/p\n\nWe attempted to make an http request to this URL but the request failed without a response.\n\nWe received this error at the network level:\n\n  > Error: connect ETIMEDOUT 92.123.2.18:443\n\nCommon situations why this would fail:\n  - you don't have internet access\n  - you forgot to run / boot your web server\n  - your web server isn't accessible\n  - you have weird network configuration settings on your computer\n    at <unknown> (https://www.johnjohndenim.com.br/__cypress/runner/cypress_runner.js:131065:74)\n    at visitFailedByErr (https://www.johnjohndenim.com.br/__cypress/runner/cypress_runner.js:130463:12)\n    at <unknown> (https://www.johnjohndenim.com.br/__cypress/runner/cypress_runner.js:131064:11)\n    at tryCatcher (https://www.johnjohndenim.com.br/__cypress/runner/cypress_runner.js:1807:23)\n    at Promise._settlePromiseFromHandler (https://www.johnjohndenim.com.br/__cypress/runner/cypress_runner.js:1519:31)\n    at Promise._settlePromise (https://www.johnjohndenim.com.br/__cypress/runner/cypress_runner.js:1576:18)\n    at Promise._settlePromise0 (https://www.johnjohndenim.com.br/__cypress/runner/cypress_runner.js:1621:10)\n    at Promise._settlePromises (https://www.johnjohndenim.com.br/__cypress/runner/cypress_runner.js:1697:18)\n    at <unknown> (https://www.johnjohndenim.com.br/__cypress/runner/cypress_runner.js:2392:25)\nFrom previous event:\n    at Promise.longStackTracesCaptureStackTrace [as _captureStackTrace] (https://www.johnjohndenim.com.br/__cypress/runner/cypress_runner.js:3486:19)\n    at Promise._then (https://www.johnjohndenim.com.br/__cypress/runner/cypress_runner.js:1239:17)\n    at Promise._passThrough (https://www.johnjohndenim.com.br/__cypress/runner/cypress_runner.js:4110:17)\n    at Promise.lastly.Promise.finally (https://www.johnjohndenim.com.br/__cypress/runner/cypress_runner.js:4119:17)\n    at Object.onRunnableRun (https://www.johnjohndenim.com.br/__cypress/runner/cypress_runner.js:163155:53)\n    at $Cypress.action (https://www.johnjohndenim.com.br/__cypress/runner/cypress_runner.js:41042:28)\n    at Runnable.run (https://www.johnjohndenim.com.br/__cypress/runner/cypress_runner.js:145743:13)\n    at next (https://www.johnjohndenim.com.br/__cypress/runner/cypress_runner.js:155528:10)\n    at <unknown> (https://www.johnjohndenim.com.br/__cypress/runner/cypress_runner.js:155572:5)\n    at timeslice (https://www.johnjohndenim.com.br/__cypress/runner/cypress_runner.js:146083:27)\nFrom Your Spec Code:\n    at PdpPage.urlPDP (cypress/support/pages/Pdp/index.js:8:7)\n    at Context.eval (cypress/support/steps/steps.js:147:10)\n    at Context.resolveAndRunStepDefinition (node_modules/cypress-cucumber-preprocessor/lib/resolveStepDefinition.js:193:0)\n    at Context.eval (node_modules/cypress-cucumber-preprocessor/lib/createTestFromScenario.js:27:0)\n\nFrom Node.js Internals:\n  Error: connect ETIMEDOUT 92.123.2.18:443\n      at TCPConnectWrap.afterConnect [as oncomplete] (node:net:1495:16)"
            }
          },
          {
            "arguments": [],
            "keyword": "When ",
            "line": 8,
            "name": "The page is full loaded",
            "result": {
              "status": "skipped"
            }
          },
          {
            "arguments": [],
            "keyword": "And ",
            "line": 9,
            "name": "I see the promocional modal",
            "result": {
              "status": "skipped"
            }
          },
          {
            "arguments": [],
            "keyword": "And ",
            "line": 33,
            "name": "On the product page share product",
            "result": {
              "status": "skipped"
            }
          },
          {
            "arguments": [],
            "keyword": "Then ",
            "line": 34,
            "name": "The modal share should be displayed",
            "result": {
              "status": "skipped"
            }
          }
        ]
      },
      {
        "id": "product-detail-page-tests-tf---desktop;at-desktop-validate-button-wishlist",
        "keyword": "Scenario",
        "line": 37,
        "name": "At Desktop validate button wishlist",
        "tags": [
          {
            "name": "@PdpTest",
            "line": 1
          },
          {
            "name": "@Desktop",
            "line": 1
          },
          {
            "name": "@RegressionTest",
            "line": 1
          },
          {
            "name": "@Pdp",
            "line": 36
          },
          {
            "name": "@Desktop",
            "line": 36
          }
        ],
        "type": "scenario",
        "steps": [
          {
            "arguments": [],
            "keyword": "Given ",
            "line": 6,
            "name": "At Desktop",
            "result": {
              "status": "passed",
              "duration": 5352000000
            }
          },
          {
            "arguments": [],
            "keyword": "And ",
            "line": 7,
            "name": "I'm on the product detail page",
            "result": {
              "status": "passed",
              "duration": 16037000000
            }
          },
          {
            "arguments": [],
            "keyword": "When ",
            "line": 8,
            "name": "The page is full loaded",
            "result": {
              "status": "failed",
              "error_message": "AssertionError: Timed out retrying after 50000ms: Expected to find element: `.pr7 > .vtex-flex-layout-0-x-flexCol > .vtex-flex-layout-0-x-flexColChild > .vtex-button > .vtex-button__label`, but never found it.\n    at PdpPage.validateBtnAddToCart (cypress/support/pages/Pdp/index.js:80:35)\n    at Context.eval (cypress/support/steps/steps.js:407:10)\n    at Context.resolveAndRunStepDefinition (node_modules/cypress-cucumber-preprocessor/lib/resolveStepDefinition.js:193:0)\n    at Context.eval (node_modules/cypress-cucumber-preprocessor/lib/createTestFromScenario.js:27:0)"
            }
          },
          {
            "arguments": [],
            "keyword": "And ",
            "line": 9,
            "name": "I see the promocional modal",
            "result": {
              "status": "skipped"
            }
          },
          {
            "arguments": [],
            "keyword": "Then ",
            "line": 38,
            "name": "The button wishlist should be displayed",
            "result": {
              "status": "skipped"
            }
          }
        ]
      },
      {
        "id": "product-detail-page-tests-tf---desktop;at-desktop-validate-size-selector",
        "keyword": "Scenario",
        "line": 41,
        "name": "At Desktop validate size selector",
        "tags": [
          {
            "name": "@PdpTest",
            "line": 1
          },
          {
            "name": "@Desktop",
            "line": 1
          },
          {
            "name": "@RegressionTest",
            "line": 1
          },
          {
            "name": "@Pdp",
            "line": 40
          },
          {
            "name": "@Desktop",
            "line": 40
          }
        ],
        "type": "scenario",
        "steps": [
          {
            "arguments": [],
            "keyword": "Given ",
            "line": 6,
            "name": "At Desktop",
            "result": {
              "status": "passed",
              "duration": 6926000000
            }
          },
          {
            "arguments": [],
            "keyword": "And ",
            "line": 7,
            "name": "I'm on the product detail page",
            "result": {
              "status": "failed",
              "error_message": "CypressError: `cy.visit()` failed trying to load:\n\nhttps://www.johnjohndenim.com.br/blusa-justa-franja-john-john-feminina-preto-11-04-4740/p\n\nWe attempted to make an http request to this URL but the request failed without a response.\n\nWe received this error at the network level:\n\n  > Error: connect ETIMEDOUT 92.123.2.30:443\n\nCommon situations why this would fail:\n  - you don't have internet access\n  - you forgot to run / boot your web server\n  - your web server isn't accessible\n  - you have weird network configuration settings on your computer\n    at <unknown> (https://www.johnjohndenim.com.br/__cypress/runner/cypress_runner.js:131065:74)\n    at visitFailedByErr (https://www.johnjohndenim.com.br/__cypress/runner/cypress_runner.js:130463:12)\n    at <unknown> (https://www.johnjohndenim.com.br/__cypress/runner/cypress_runner.js:131064:11)\n    at tryCatcher (https://www.johnjohndenim.com.br/__cypress/runner/cypress_runner.js:1807:23)\n    at Promise._settlePromiseFromHandler (https://www.johnjohndenim.com.br/__cypress/runner/cypress_runner.js:1519:31)\n    at Promise._settlePromise (https://www.johnjohndenim.com.br/__cypress/runner/cypress_runner.js:1576:18)\n    at Promise._settlePromise0 (https://www.johnjohndenim.com.br/__cypress/runner/cypress_runner.js:1621:10)\n    at Promise._settlePromises (https://www.johnjohndenim.com.br/__cypress/runner/cypress_runner.js:1697:18)\n    at <unknown> (https://www.johnjohndenim.com.br/__cypress/runner/cypress_runner.js:2392:25)\nFrom previous event:\n    at Promise.longStackTracesCaptureStackTrace [as _captureStackTrace] (https://www.johnjohndenim.com.br/__cypress/runner/cypress_runner.js:3486:19)\n    at Promise._then (https://www.johnjohndenim.com.br/__cypress/runner/cypress_runner.js:1239:17)\n    at Promise._passThrough (https://www.johnjohndenim.com.br/__cypress/runner/cypress_runner.js:4110:17)\n    at Promise.lastly.Promise.finally (https://www.johnjohndenim.com.br/__cypress/runner/cypress_runner.js:4119:17)\n    at Object.onRunnableRun (https://www.johnjohndenim.com.br/__cypress/runner/cypress_runner.js:163155:53)\n    at $Cypress.action (https://www.johnjohndenim.com.br/__cypress/runner/cypress_runner.js:41042:28)\n    at Runnable.run (https://www.johnjohndenim.com.br/__cypress/runner/cypress_runner.js:145743:13)\n    at next (https://www.johnjohndenim.com.br/__cypress/runner/cypress_runner.js:155528:10)\n    at <unknown> (https://www.johnjohndenim.com.br/__cypress/runner/cypress_runner.js:155572:5)\n    at timeslice (https://www.johnjohndenim.com.br/__cypress/runner/cypress_runner.js:146083:27)\nFrom Your Spec Code:\n    at PdpPage.urlPDP (cypress/support/pages/Pdp/index.js:8:7)\n    at Context.eval (cypress/support/steps/steps.js:147:10)\n    at Context.resolveAndRunStepDefinition (node_modules/cypress-cucumber-preprocessor/lib/resolveStepDefinition.js:193:0)\n    at Context.eval (node_modules/cypress-cucumber-preprocessor/lib/createTestFromScenario.js:27:0)\n\nFrom Node.js Internals:\n  Error: connect ETIMEDOUT 92.123.2.30:443\n      at TCPConnectWrap.afterConnect [as oncomplete] (node:net:1495:16)"
            }
          },
          {
            "arguments": [],
            "keyword": "When ",
            "line": 8,
            "name": "The page is full loaded",
            "result": {
              "status": "skipped"
            }
          },
          {
            "arguments": [],
            "keyword": "And ",
            "line": 9,
            "name": "I see the promocional modal",
            "result": {
              "status": "skipped"
            }
          },
          {
            "arguments": [],
            "keyword": "Then ",
            "line": 42,
            "name": "two size must be selected",
            "result": {
              "status": "skipped"
            }
          }
        ]
      }
    ]
  }
]